Build started 9/11/2013 5:05:14 PM.
     1>Project "C:\Users\Michael Monitto\documents\visual studio 2010\Projects\Lab4-210\Lab4-210\Lab4-210.vcxproj" on node 2 (build target(s)).
     1>InitializeBuildStatus:
         Creating "Debug\Lab4-210.unsuccessfulbuild" because "AlwaysCreate" was specified.
       ClCompile:
         C:\Program Files (x86)\Microsoft Visual Studio 10.0\VC\bin\CL.exe /c /ZI /nologo /W3 /WX- /Od /Oy- /D _MBCS /Gm /EHsc /RTC1 /MDd /GS /fp:precise /Zc:wchar_t /Zc:forScope /Fo"Debug\\" /Fd"Debug\vc100.pdb" /Gd /TP /analyze- /errorReport:prompt ServerGroup.cpp
         ServerGroup.cpp
       Link:
         C:\Program Files (x86)\Microsoft Visual Studio 10.0\VC\bin\link.exe /ERRORREPORT:PROMPT /OUT:"C:\Users\Michael Monitto\documents\visual studio 2010\Projects\Lab4-210\Debug\Lab4-210.exe" /NOLOGO kernel32.lib user32.lib gdi32.lib winspool.lib comdlg32.lib advapi32.lib shell32.lib ole32.lib oleaut32.lib uuid.lib odbc32.lib odbccp32.lib /MANIFEST /ManifestFile:"Debug\Lab4-210.exe.intermediate.manifest" /MANIFESTUAC:"level='asInvoker' uiAccess='false'" /DEBUG /PDB:"C:\Users\Michael Monitto\documents\visual studio 2010\Projects\Lab4-210\Debug\Lab4-210.pdb" /TLBID:1 /DYNAMICBASE /NXCOMPAT /IMPLIB:"C:\Users\Michael Monitto\documents\visual studio 2010\Projects\Lab4-210\Debug\Lab4-210.lib" /MACHINE:X86 Debug\ServerGroup.obj
         Debug\ServerGroupDriver.obj
         LINK : C:\Users\Michael Monitto\documents\visual studio 2010\Projects\Lab4-210\Debug\Lab4-210.exe not found or not built by the last incremental link; performing full link
         Lab4-210.vcxproj -> C:\Users\Michael Monitto\documents\visual studio 2010\Projects\Lab4-210\Debug\Lab4-210.exe
       Manifest:
         C:\Program Files (x86)\Microsoft SDKs\Windows\v7.0A\bin\mt.exe /nologo /verbose /outputresource:"C:\Users\Michael Monitto\documents\visual studio 2010\Projects\Lab4-210\Debug\Lab4-210.exe;#1" /manifest "Debug\Lab4-210.exe.intermediate.manifest"
       FinalizeBuildStatus:
         Deleting file "Debug\Lab4-210.unsuccessfulbuild".
         Touching "Debug\Lab4-210.lastbuildstate".
     1>Done Building Project "C:\Users\Michael Monitto\documents\visual studio 2010\Projects\Lab4-210\Lab4-210\Lab4-210.vcxproj" (build target(s)).

Build succeeded.

Time Elapsed 00:00:01.10
